{"C:\\Users\\hyder.shaik\\OneDrive - Calsoft Pvt Ltd\\Desktop\\my projects\\React projects\\Admin DashBoard Project\\react-admin-dashboard\\src\\api\\userApi.js": {"path":"C:\\Users\\hyder.shaik\\OneDrive - Calsoft Pvt Ltd\\Desktop\\my projects\\React projects\\Admin DashBoard Project\\react-admin-dashboard\\src\\api\\userApi.js","statementMap":{"0":{"start":{"line":4,"column":26},"end":{"line":10,"column":null}},"1":{"start":{"line":7,"column":4},"end":{"line":7,"column":null}},"2":{"start":{"line":9,"column":2},"end":{"line":9,"column":null}},"3":{"start":{"line":13,"column":26},"end":{"line":22,"column":null}},"4":{"start":{"line":16,"column":4},"end":{"line":19,"column":null}},"5":{"start":{"line":21,"column":2},"end":{"line":21,"column":null}},"6":{"start":{"line":25,"column":24},"end":{"line":37,"column":null}},"7":{"start":{"line":31,"column":4},"end":{"line":34,"column":null}},"8":{"start":{"line":36,"column":2},"end":{"line":36,"column":null}},"9":{"start":{"line":40,"column":26},"end":{"line":47,"column":null}},"10":{"start":{"line":42,"column":2},"end":{"line":44,"column":null}},"11":{"start":{"line":46,"column":2},"end":{"line":46,"column":null}}},"fnMap":{"0":{"name":"(anonymous_0)","decl":{"start":{"line":4,"column":26},"end":{"line":4,"column":38}},"loc":{"start":{"line":4,"column":38},"end":{"line":10,"column":null}},"line":4},"1":{"name":"(anonymous_1)","decl":{"start":{"line":13,"column":26},"end":{"line":13,"column":33}},"loc":{"start":{"line":13,"column":46},"end":{"line":22,"column":null}},"line":13},"2":{"name":"(anonymous_2)","decl":{"start":{"line":25,"column":24},"end":{"line":25,"column":null}},"loc":{"start":{"line":28,"column":5},"end":{"line":37,"column":null}},"line":28},"3":{"name":"(anonymous_3)","decl":{"start":{"line":40,"column":26},"end":{"line":40,"column":33}},"loc":{"start":{"line":40,"column":40},"end":{"line":47,"column":null}},"line":40}},"branchMap":{},"s":{"0":1,"1":0,"2":0,"3":1,"4":0,"5":0,"6":1,"7":0,"8":0,"9":1,"10":0,"11":0},"f":{"0":0,"1":0,"2":0,"3":0},"b":{},"meta":{"lastBranch":0,"lastFunction":4,"lastStatement":12,"seen":{"s:4:26:10:Infinity":0,"f:4:26:4:38":0,"s:7:4:7:Infinity":1,"s:9:2:9:Infinity":2,"s:13:26:22:Infinity":3,"f:13:26:13:33":1,"s:16:4:19:Infinity":4,"s:21:2:21:Infinity":5,"s:25:24:37:Infinity":6,"f:25:24:25:Infinity":2,"s:31:4:34:Infinity":7,"s:36:2:36:Infinity":8,"s:40:26:47:Infinity":9,"f:40:26:40:33":3,"s:42:2:44:Infinity":10,"s:46:2:46:Infinity":11}}}
,"C:\\Users\\hyder.shaik\\OneDrive - Calsoft Pvt Ltd\\Desktop\\my projects\\React projects\\Admin DashBoard Project\\react-admin-dashboard\\src\\components\\common\\Button.jsx": {"path":"C:\\Users\\hyder.shaik\\OneDrive - Calsoft Pvt Ltd\\Desktop\\my projects\\React projects\\Admin DashBoard Project\\react-admin-dashboard\\src\\components\\common\\Button.jsx","statementMap":{"0":{"start":{"line":3,"column":6},"end":{"line":48,"column":null}},"1":{"start":{"line":12,"column":4},"end":{"line":12,"column":null}},"2":{"start":{"line":14,"column":19},"end":{"line":28,"column":null}},"3":{"start":{"line":30,"column":2},"end":{"line":46,"column":null}}},"fnMap":{"0":{"name":"(anonymous_0)","decl":{"start":{"line":3,"column":6},"end":{"line":3,"column":16}},"loc":{"start":{"line":9,"column":6},"end":{"line":48,"column":null}},"line":9}},"branchMap":{"0":{"loc":{"start":{"line":6,"column":2},"end":{"line":6,"column":null}},"type":"default-arg","locations":[{"start":{"line":6,"column":9},"end":{"line":6,"column":null}}],"line":6},"1":{"loc":{"start":{"line":7,"column":2},"end":{"line":7,"column":null}},"type":"default-arg","locations":[{"start":{"line":7,"column":12},"end":{"line":7,"column":null}}],"line":7},"2":{"loc":{"start":{"line":8,"column":2},"end":{"line":8,"column":null}},"type":"default-arg","locations":[{"start":{"line":8,"column":13},"end":{"line":8,"column":null}}],"line":8},"3":{"loc":{"start":{"line":39,"column":10},"end":{"line":41,"column":null}},"type":"cond-expr","locations":[{"start":{"line":40,"column":14},"end":{"line":40,"column":null}},{"start":{"line":41,"column":14},"end":{"line":41,"column":null}}],"line":39}},"s":{"0":1,"1":24,"2":24,"3":24},"f":{"0":24},"b":{"0":[24],"1":[24],"2":[24],"3":[1,23]},"meta":{"lastBranch":4,"lastFunction":1,"lastStatement":4,"seen":{"s:3:6:48:Infinity":0,"f:3:6:3:16":0,"b:6:9:6:Infinity":0,"b:7:12:7:Infinity":1,"b:8:13:8:Infinity":2,"s:12:4:12:Infinity":1,"s:14:19:28:Infinity":2,"s:30:2:46:Infinity":3,"b:40:14:40:Infinity:41:14:41:Infinity":3}}}
,"C:\\Users\\hyder.shaik\\OneDrive - Calsoft Pvt Ltd\\Desktop\\my projects\\React projects\\Admin DashBoard Project\\react-admin-dashboard\\src\\components\\common\\Input.jsx": {"path":"C:\\Users\\hyder.shaik\\OneDrive - Calsoft Pvt Ltd\\Desktop\\my projects\\React projects\\Admin DashBoard Project\\react-admin-dashboard\\src\\components\\common\\Input.jsx","statementMap":{"0":{"start":{"line":3,"column":6},"end":{"line":43,"column":null}},"1":{"start":{"line":12,"column":2},"end":{"line":41,"column":null}}},"fnMap":{"0":{"name":"(anonymous_0)","decl":{"start":{"line":3,"column":6},"end":{"line":3,"column":15}},"loc":{"start":{"line":11,"column":6},"end":{"line":43,"column":null}},"line":11}},"branchMap":{"0":{"loc":{"start":{"line":5,"column":2},"end":{"line":5,"column":null}},"type":"default-arg","locations":[{"start":{"line":5,"column":9},"end":{"line":5,"column":null}}],"line":5},"1":{"loc":{"start":{"line":29,"column":12},"end":{"line":31,"column":null}},"type":"cond-expr","locations":[{"start":{"line":30,"column":16},"end":{"line":30,"column":null}},{"start":{"line":31,"column":16},"end":{"line":31,"column":null}}],"line":29},"2":{"loc":{"start":{"line":36,"column":7},"end":{"line":39,"column":null}},"type":"binary-expr","locations":[{"start":{"line":36,"column":7},"end":{"line":36,"column":null}},{"start":{"line":37,"column":8},"end":{"line":39,"column":null}}],"line":36}},"s":{"0":2,"1":38},"f":{"0":38},"b":{"0":[38],"1":[4,34],"2":[38,4]},"meta":{"lastBranch":3,"lastFunction":1,"lastStatement":2,"seen":{"s:3:6:43:Infinity":0,"f:3:6:3:15":0,"b:5:9:5:Infinity":0,"s:12:2:41:Infinity":1,"b:30:16:30:Infinity:31:16:31:Infinity":1,"b:36:7:36:Infinity:37:8:39:Infinity":2}}}
,"C:\\Users\\hyder.shaik\\OneDrive - Calsoft Pvt Ltd\\Desktop\\my projects\\React projects\\Admin DashBoard Project\\react-admin-dashboard\\src\\components\\users\\UserForm.jsx": {"path":"C:\\Users\\hyder.shaik\\OneDrive - Calsoft Pvt Ltd\\Desktop\\my projects\\React projects\\Admin DashBoard Project\\react-admin-dashboard\\src\\components\\users\\UserForm.jsx","statementMap":{"0":{"start":{"line":11,"column":6},"end":{"line":117,"column":null}},"1":{"start":{"line":13,"column":19},"end":{"line":13,"column":null}},"2":{"start":{"line":16,"column":19},"end":{"line":20,"column":null}},"3":{"start":{"line":23,"column":17},"end":{"line":23,"column":null}},"4":{"start":{"line":26,"column":8},"end":{"line":33,"column":null}},"5":{"start":{"line":27,"column":28},"end":{"line":27,"column":null}},"6":{"start":{"line":29,"column":4},"end":{"line":32,"column":null}},"7":{"start":{"line":29,"column":31},"end":{"line":32,"column":6}},"8":{"start":{"line":36,"column":8},"end":{"line":44,"column":null}},"9":{"start":{"line":37,"column":4},"end":{"line":41,"column":null}},"10":{"start":{"line":43,"column":4},"end":{"line":43,"column":null}},"11":{"start":{"line":47,"column":23},"end":{"line":66,"column":null}},"12":{"start":{"line":48,"column":4},"end":{"line":48,"column":null}},"13":{"start":{"line":51,"column":10},"end":{"line":51,"column":null}},"14":{"start":{"line":54,"column":4},"end":{"line":57,"column":null}},"15":{"start":{"line":55,"column":6},"end":{"line":55,"column":null}},"16":{"start":{"line":56,"column":6},"end":{"line":56,"column":null}},"17":{"start":{"line":60,"column":4},"end":{"line":60,"column":null}},"18":{"start":{"line":63,"column":4},"end":{"line":63,"column":null}},"19":{"start":{"line":65,"column":4},"end":{"line":65,"column":null}},"20":{"start":{"line":68,"column":2},"end":{"line":115,"column":null}}},"fnMap":{"0":{"name":"(anonymous_0)","decl":{"start":{"line":11,"column":6},"end":{"line":11,"column":23}},"loc":{"start":{"line":11,"column":23},"end":{"line":117,"column":null}},"line":11},"1":{"name":"(anonymous_1)","decl":{"start":{"line":26,"column":8},"end":{"line":26,"column":24}},"loc":{"start":{"line":26,"column":30},"end":{"line":33,"column":null}},"line":26},"2":{"name":"(anonymous_2)","decl":{"start":{"line":29,"column":4},"end":{"line":29,"column":17}},"loc":{"start":{"line":29,"column":31},"end":{"line":32,"column":6}},"line":29},"3":{"name":"(anonymous_3)","decl":{"start":{"line":36,"column":8},"end":{"line":36,"column":26}},"loc":{"start":{"line":36,"column":26},"end":{"line":44,"column":null}},"line":36},"4":{"name":"(anonymous_4)","decl":{"start":{"line":47,"column":23},"end":{"line":47,"column":30}},"loc":{"start":{"line":47,"column":36},"end":{"line":66,"column":null}},"line":47}},"branchMap":{"0":{"loc":{"start":{"line":54,"column":4},"end":{"line":57,"column":null}},"type":"if","locations":[{"start":{"line":54,"column":4},"end":{"line":57,"column":null}},{"start":{},"end":{}}],"line":54},"1":{"loc":{"start":{"line":107,"column":13},"end":{"line":107,"column":null}},"type":"cond-expr","locations":[{"start":{"line":107,"column":23},"end":{"line":107,"column":37}},{"start":{"line":107,"column":37},"end":{"line":107,"column":null}}],"line":107}},"s":{"0":1,"1":12,"2":12,"3":12,"4":12,"5":8,"6":8,"7":8,"8":12,"9":0,"10":0,"11":12,"12":1,"13":1,"14":1,"15":1,"16":1,"17":0,"18":0,"19":0,"20":12},"f":{"0":12,"1":8,"2":8,"3":0,"4":1},"b":{"0":[1,0],"1":[1,11]},"meta":{"lastBranch":2,"lastFunction":5,"lastStatement":21,"seen":{"s:11:6:117:Infinity":0,"f:11:6:11:23":0,"s:13:19:13:Infinity":1,"s:16:19:20:Infinity":2,"s:23:17:23:Infinity":3,"s:26:8:33:Infinity":4,"f:26:8:26:24":1,"s:27:28:27:Infinity":5,"s:29:4:32:Infinity":6,"f:29:4:29:17":2,"s:29:31:32:6":7,"s:36:8:44:Infinity":8,"f:36:8:36:26":3,"s:37:4:41:Infinity":9,"s:43:4:43:Infinity":10,"s:47:23:66:Infinity":11,"f:47:23:47:30":4,"s:48:4:48:Infinity":12,"s:51:10:51:Infinity":13,"b:54:4:57:Infinity:undefined:undefined:undefined:undefined":0,"s:54:4:57:Infinity":14,"s:55:6:55:Infinity":15,"s:56:6:56:Infinity":16,"s:60:4:60:Infinity":17,"s:63:4:63:Infinity":18,"s:65:4:65:Infinity":19,"s:68:2:115:Infinity":20,"b:107:23:107:37:107:37:107:Infinity":1}}}
,"C:\\Users\\hyder.shaik\\OneDrive - Calsoft Pvt Ltd\\Desktop\\my projects\\React projects\\Admin DashBoard Project\\react-admin-dashboard\\src\\context\\UserContext.jsx": {"path":"C:\\Users\\hyder.shaik\\OneDrive - Calsoft Pvt Ltd\\Desktop\\my projects\\React projects\\Admin DashBoard Project\\react-admin-dashboard\\src\\context\\UserContext.jsx","statementMap":{"0":{"start":{"line":15,"column":13},"end":{"line":15,"column":null}},"1":{"start":{"line":17,"column":6},"end":{"line":182,"column":null}},"2":{"start":{"line":20,"column":16},"end":{"line":20,"column":null}},"3":{"start":{"line":23,"column":18},"end":{"line":24,"column":null}},"4":{"start":{"line":27,"column":16},"end":{"line":28,"column":null}},"5":{"start":{"line":31,"column":21},"end":{"line":32,"column":null}},"6":{"start":{"line":34,"column":10},"end":{"line":34,"column":null}},"7":{"start":{"line":37,"column":20},"end":{"line":60,"column":null}},"8":{"start":{"line":39,"column":4},"end":{"line":59,"column":null}},"9":{"start":{"line":41,"column":6},"end":{"line":41,"column":null}},"10":{"start":{"line":43,"column":19},"end":{"line":43,"column":null}},"11":{"start":{"line":45,"column":6},"end":{"line":45,"column":null}},"12":{"start":{"line":47,"column":6},"end":{"line":47,"column":null}},"13":{"start":{"line":51,"column":6},"end":{"line":53,"column":null}},"14":{"start":{"line":57,"column":6},"end":{"line":57,"column":null}},"15":{"start":{"line":63,"column":18},"end":{"line":88,"column":null}},"16":{"start":{"line":65,"column":4},"end":{"line":87,"column":null}},"17":{"start":{"line":67,"column":6},"end":{"line":67,"column":null}},"18":{"start":{"line":70,"column":8},"end":{"line":70,"column":null}},"19":{"start":{"line":72,"column":6},"end":{"line":75,"column":null}},"20":{"start":{"line":72,"column":30},"end":{"line":75,"column":7}},"21":{"start":{"line":79,"column":6},"end":{"line":81,"column":null}},"22":{"start":{"line":85,"column":6},"end":{"line":85,"column":null}},"23":{"start":{"line":91,"column":21},"end":{"line":124,"column":null}},"24":{"start":{"line":95,"column":4},"end":{"line":123,"column":null}},"25":{"start":{"line":97,"column":6},"end":{"line":97,"column":null}},"26":{"start":{"line":100,"column":8},"end":{"line":103,"column":null}},"27":{"start":{"line":105,"column":6},"end":{"line":111,"column":null}},"28":{"start":{"line":106,"column":8},"end":{"line":110,"column":null}},"29":{"start":{"line":107,"column":10},"end":{"line":109,"column":null}},"30":{"start":{"line":115,"column":6},"end":{"line":117,"column":null}},"31":{"start":{"line":121,"column":6},"end":{"line":121,"column":null}},"32":{"start":{"line":127,"column":21},"end":{"line":152,"column":null}},"33":{"start":{"line":129,"column":4},"end":{"line":151,"column":null}},"34":{"start":{"line":131,"column":6},"end":{"line":131,"column":null}},"35":{"start":{"line":133,"column":6},"end":{"line":133,"column":null}},"36":{"start":{"line":135,"column":6},"end":{"line":139,"column":null}},"37":{"start":{"line":136,"column":8},"end":{"line":138,"column":null}},"38":{"start":{"line":137,"column":20},"end":{"line":137,"column":null}},"39":{"start":{"line":143,"column":6},"end":{"line":145,"column":null}},"40":{"start":{"line":149,"column":6},"end":{"line":149,"column":null}},"41":{"start":{"line":155,"column":2},"end":{"line":164,"column":null}},"42":{"start":{"line":157,"column":2},"end":{"line":162,"column":null}},"43":{"start":{"line":159,"column":4},"end":{"line":159,"column":null}},"44":{"start":{"line":161,"column":4},"end":{"line":161,"column":null}},"45":{"start":{"line":166,"column":2},"end":{"line":180,"column":null}}},"fnMap":{"0":{"name":"(anonymous_0)","decl":{"start":{"line":17,"column":6},"end":{"line":17,"column":22}},"loc":{"start":{"line":17,"column":39},"end":{"line":182,"column":null}},"line":17},"1":{"name":"(anonymous_1)","decl":{"start":{"line":37,"column":20},"end":{"line":37,"column":32}},"loc":{"start":{"line":37,"column":32},"end":{"line":60,"column":null}},"line":37},"2":{"name":"(anonymous_2)","decl":{"start":{"line":63,"column":18},"end":{"line":63,"column":25}},"loc":{"start":{"line":63,"column":38},"end":{"line":88,"column":null}},"line":63},"3":{"name":"(anonymous_3)","decl":{"start":{"line":72,"column":6},"end":{"line":72,"column":16}},"loc":{"start":{"line":72,"column":30},"end":{"line":75,"column":7}},"line":72},"4":{"name":"(anonymous_4)","decl":{"start":{"line":91,"column":21},"end":{"line":91,"column":null}},"loc":{"start":{"line":93,"column":7},"end":{"line":124,"column":null}},"line":93},"5":{"name":"(anonymous_5)","decl":{"start":{"line":105,"column":6},"end":{"line":105,"column":16}},"loc":{"start":{"line":106,"column":8},"end":{"line":110,"column":null}},"line":106},"6":{"name":"(anonymous_6)","decl":{"start":{"line":106,"column":18},"end":{"line":106,"column":23}},"loc":{"start":{"line":107,"column":10},"end":{"line":109,"column":null}},"line":107},"7":{"name":"(anonymous_7)","decl":{"start":{"line":127,"column":21},"end":{"line":127,"column":28}},"loc":{"start":{"line":127,"column":35},"end":{"line":152,"column":null}},"line":127},"8":{"name":"(anonymous_8)","decl":{"start":{"line":135,"column":6},"end":{"line":135,"column":16}},"loc":{"start":{"line":136,"column":8},"end":{"line":138,"column":null}},"line":136},"9":{"name":"(anonymous_9)","decl":{"start":{"line":136,"column":18},"end":{"line":136,"column":null}},"loc":{"start":{"line":137,"column":20},"end":{"line":137,"column":null}},"line":137},"10":{"name":"(anonymous_10)","decl":{"start":{"line":155,"column":2},"end":{"line":155,"column":18}},"loc":{"start":{"line":155,"column":18},"end":{"line":164,"column":3}},"line":155}},"branchMap":{"0":{"loc":{"start":{"line":107,"column":10},"end":{"line":109,"column":null}},"type":"cond-expr","locations":[{"start":{"line":108,"column":14},"end":{"line":108,"column":null}},{"start":{"line":109,"column":14},"end":{"line":109,"column":null}}],"line":107},"1":{"loc":{"start":{"line":157,"column":2},"end":{"line":162,"column":null}},"type":"if","locations":[{"start":{"line":157,"column":2},"end":{"line":162,"column":null}},{"start":{},"end":{}}],"line":157}},"s":{"0":2,"1":2,"2":3,"3":3,"4":3,"5":3,"6":3,"7":3,"8":1,"9":1,"10":1,"11":1,"12":1,"13":0,"14":1,"15":3,"16":0,"17":0,"18":0,"19":0,"20":0,"21":0,"22":0,"23":3,"24":0,"25":0,"26":0,"27":0,"28":0,"29":0,"30":0,"31":0,"32":3,"33":0,"34":0,"35":0,"36":0,"37":0,"38":0,"39":0,"40":0,"41":3,"42":1,"43":1,"44":1,"45":3},"f":{"0":3,"1":1,"2":0,"3":0,"4":0,"5":0,"6":0,"7":0,"8":0,"9":0,"10":1},"b":{"0":[0,0],"1":[1,0]},"meta":{"lastBranch":2,"lastFunction":11,"lastStatement":46,"seen":{"s:15:13:15:Infinity":0,"s:17:6:182:Infinity":1,"f:17:6:17:22":0,"s:20:16:20:Infinity":2,"s:23:18:24:Infinity":3,"s:27:16:28:Infinity":4,"s:31:21:32:Infinity":5,"s:34:10:34:Infinity":6,"s:37:20:60:Infinity":7,"f:37:20:37:32":1,"s:39:4:59:Infinity":8,"s:41:6:41:Infinity":9,"s:43:19:43:Infinity":10,"s:45:6:45:Infinity":11,"s:47:6:47:Infinity":12,"s:51:6:53:Infinity":13,"s:57:6:57:Infinity":14,"s:63:18:88:Infinity":15,"f:63:18:63:25":2,"s:65:4:87:Infinity":16,"s:67:6:67:Infinity":17,"s:70:8:70:Infinity":18,"s:72:6:75:Infinity":19,"f:72:6:72:16":3,"s:72:30:75:7":20,"s:79:6:81:Infinity":21,"s:85:6:85:Infinity":22,"s:91:21:124:Infinity":23,"f:91:21:91:Infinity":4,"s:95:4:123:Infinity":24,"s:97:6:97:Infinity":25,"s:100:8:103:Infinity":26,"s:105:6:111:Infinity":27,"f:105:6:105:16":5,"s:106:8:110:Infinity":28,"f:106:18:106:23":6,"s:107:10:109:Infinity":29,"b:108:14:108:Infinity:109:14:109:Infinity":0,"s:115:6:117:Infinity":30,"s:121:6:121:Infinity":31,"s:127:21:152:Infinity":32,"f:127:21:127:28":7,"s:129:4:151:Infinity":33,"s:131:6:131:Infinity":34,"s:133:6:133:Infinity":35,"s:135:6:139:Infinity":36,"f:135:6:135:16":8,"s:136:8:138:Infinity":37,"f:136:18:136:Infinity":9,"s:137:20:137:Infinity":38,"s:143:6:145:Infinity":39,"s:149:6:149:Infinity":40,"s:155:2:164:Infinity":41,"f:155:2:155:18":10,"b:157:2:162:Infinity:undefined:undefined:undefined:undefined":1,"s:157:2:162:Infinity":42,"s:159:4:159:Infinity":43,"s:161:4:161:Infinity":44,"s:166:2:180:Infinity":45}}}
,"C:\\Users\\hyder.shaik\\OneDrive - Calsoft Pvt Ltd\\Desktop\\my projects\\React projects\\Admin DashBoard Project\\react-admin-dashboard\\src\\services\\axiosInstance.js": {"path":"C:\\Users\\hyder.shaik\\OneDrive - Calsoft Pvt Ltd\\Desktop\\my projects\\React projects\\Admin DashBoard Project\\react-admin-dashboard\\src\\services\\axiosInstance.js","statementMap":{"0":{"start":{"line":4,"column":22},"end":{"line":12,"column":null}}},"fnMap":{},"branchMap":{},"s":{"0":1},"f":{},"b":{},"meta":{"lastBranch":0,"lastFunction":0,"lastStatement":1,"seen":{"s:4:22:12:Infinity":0}}}
,"C:\\Users\\hyder.shaik\\OneDrive - Calsoft Pvt Ltd\\Desktop\\my projects\\React projects\\Admin DashBoard Project\\react-admin-dashboard\\src\\utils\\validation.js": {"path":"C:\\Users\\hyder.shaik\\OneDrive - Calsoft Pvt Ltd\\Desktop\\my projects\\React projects\\Admin DashBoard Project\\react-admin-dashboard\\src\\utils\\validation.js","statementMap":{"0":{"start":{"line":1,"column":13},"end":{"line":25,"column":null}},"1":{"start":{"line":3,"column":15},"end":{"line":3,"column":null}},"2":{"start":{"line":6,"column":2},"end":{"line":8,"column":null}},"3":{"start":{"line":7,"column":4},"end":{"line":7,"column":null}},"4":{"start":{"line":11,"column":2},"end":{"line":17,"column":null}},"5":{"start":{"line":12,"column":4},"end":{"line":12,"column":null}},"6":{"start":{"line":13,"column":9},"end":{"line":17,"column":null}},"7":{"start":{"line":16,"column":4},"end":{"line":16,"column":null}},"8":{"start":{"line":20,"column":2},"end":{"line":22,"column":null}},"9":{"start":{"line":21,"column":4},"end":{"line":21,"column":null}},"10":{"start":{"line":24,"column":2},"end":{"line":24,"column":null}}},"fnMap":{"0":{"name":"(anonymous_0)","decl":{"start":{"line":1,"column":13},"end":{"line":1,"column":29}},"loc":{"start":{"line":1,"column":40},"end":{"line":25,"column":null}},"line":1}},"branchMap":{"0":{"loc":{"start":{"line":6,"column":2},"end":{"line":8,"column":null}},"type":"if","locations":[{"start":{"line":6,"column":2},"end":{"line":8,"column":null}},{"start":{},"end":{}}],"line":6},"1":{"loc":{"start":{"line":11,"column":2},"end":{"line":17,"column":null}},"type":"if","locations":[{"start":{"line":11,"column":2},"end":{"line":17,"column":null}},{"start":{"line":13,"column":9},"end":{"line":17,"column":null}}],"line":11},"2":{"loc":{"start":{"line":13,"column":9},"end":{"line":17,"column":null}},"type":"if","locations":[{"start":{"line":13,"column":9},"end":{"line":17,"column":null}},{"start":{},"end":{}}],"line":13},"3":{"loc":{"start":{"line":20,"column":2},"end":{"line":22,"column":null}},"type":"if","locations":[{"start":{"line":20,"column":2},"end":{"line":22,"column":null}},{"start":{},"end":{}}],"line":20}},"s":{"0":2,"1":2,"2":2,"3":2,"4":2,"5":2,"6":0,"7":0,"8":2,"9":2,"10":2},"f":{"0":2},"b":{"0":[2,0],"1":[2,0],"2":[0,0],"3":[2,0]},"meta":{"lastBranch":4,"lastFunction":1,"lastStatement":11,"seen":{"s:1:13:25:Infinity":0,"f:1:13:1:29":0,"s:3:15:3:Infinity":1,"b:6:2:8:Infinity:undefined:undefined:undefined:undefined":0,"s:6:2:8:Infinity":2,"s:7:4:7:Infinity":3,"b:11:2:17:Infinity:13:9:17:Infinity":1,"s:11:2:17:Infinity":4,"s:12:4:12:Infinity":5,"b:13:9:17:Infinity:undefined:undefined:undefined:undefined":2,"s:13:9:17:Infinity":6,"s:16:4:16:Infinity":7,"b:20:2:22:Infinity:undefined:undefined:undefined:undefined":3,"s:20:2:22:Infinity":8,"s:21:4:21:Infinity":9,"s:24:2:24:Infinity":10}}}
}
